app/build/intermediates/manifest_merge_blame_file/debug/manifest-merger-blame-debug-report.txt
1<?xml version="1.0" encoding="utf-8"?>
2<!--
3  ~ Copyright (C) 2022 The Android Open Source Project
4  ~
5  ~ Licensed under the Apache License, Version 2.0 (the "License");
6  ~ you may not use this file except in compliance with the License.
7  ~ You may obtain a copy of the License at
8  ~
9  ~      http://www.apache.org/licenses/LICENSE-2.0
10  ~
11  ~ Unless required by applicable law or agreed to in writing, software
12  ~ distributed under the License is distributed on an "AS IS" BASIS,
13  ~ WITHOUT WARRANTIES OR CONDITIONS OF ANY KIND, either express or implied.
14  ~ See the License for the specific language governing permissions and
15  ~ limitations under the License.
16-->
17<manifest xmlns:android="http://schemas.android.com/apk/res/android"
18    package="com.example.perapplanguages"
19    android:versionCode="1"
20    android:versionName="1.0" >
21
22    <uses-sdk
23        android:minSdkVersion="30"
23-->src/main/AndroidManifest.xml
24        android:targetSdkVersion="33" />
24-->src/main/AndroidManifest.xml
25
26    <permission
26-->[androidx.core:core:1.9.0-alpha05] AndroidManifest.xml:23:5-25:47
27        android:name="com.example.perapplanguages.DYNAMIC_RECEIVER_NOT_EXPORTED_PERMISSION"
27-->[androidx.core:core:1.9.0-alpha05] AndroidManifest.xml:24:9-81
28        android:protectionLevel="signature" />
28-->[androidx.core:core:1.9.0-alpha05] AndroidManifest.xml:25:9-44
29
30    <uses-permission android:name="com.example.perapplanguages.DYNAMIC_RECEIVER_NOT_EXPORTED_PERMISSION" />
30-->[androidx.core:core:1.9.0-alpha05] AndroidManifest.xml:27:5-97
30-->[androidx.core:core:1.9.0-alpha05] AndroidManifest.xml:27:22-94
31
32    <application
32-->src/main/AndroidManifest.xml:20:5-49:19
33        android:allowBackup="true"
33-->src/main/AndroidManifest.xml:21:9-35
34        android:appComponentFactory="androidx.core.app.CoreComponentFactory"
34-->[androidx.core:core:1.9.0-alpha05] AndroidManifest.xml:29:18-86
35        android:dataExtractionRules="@xml/data_extraction_rules"
35-->src/main/AndroidManifest.xml:22:9-65
36        android:debuggable="true"
37        android:extractNativeLibs="false"
38        android:fullBackupContent="@xml/backup_rules"
38-->src/main/AndroidManifest.xml:23:9-54
39        android:icon="@mipmap/ic_launcher"
39-->src/main/AndroidManifest.xml:24:9-43
40        android:label="@string/app_name"
40-->src/main/AndroidManifest.xml:25:9-41
41        android:localeConfig="@xml/locales_config"
41-->src/main/AndroidManifest.xml:29:9-51
42        android:roundIcon="@mipmap/ic_launcher_round"
42-->src/main/AndroidManifest.xml:26:9-54
43        android:supportsRtl="true"
43-->src/main/AndroidManifest.xml:27:9-35
44        android:testOnly="true"
45        android:theme="@style/Theme.PerAppLanguages" >
45-->src/main/AndroidManifest.xml:28:9-53
46        <activity
46-->src/main/AndroidManifest.xml:30:9-40:20
47            android:name="com.example.perapplanguages.MainActivity"
47-->src/main/AndroidManifest.xml:31:13-41
48            android:exported="true"
48-->src/main/AndroidManifest.xml:32:13-36
49            android:label="@string/app_name"
49-->src/main/AndroidManifest.xml:33:13-45
50            android:theme="@style/Theme.AppCompat.DayNight" >
50-->src/main/AndroidManifest.xml:34:13-60
51            <intent-filter>
51-->src/main/AndroidManifest.xml:35:13-39:29
52                <action android:name="android.intent.action.MAIN" />
52-->src/main/AndroidManifest.xml:36:17-69
52-->src/main/AndroidManifest.xml:36:25-66
53
54                <category android:name="android.intent.category.LAUNCHER" />
54-->src/main/AndroidManifest.xml:38:17-77
54-->src/main/AndroidManifest.xml:38:27-74
55            </intent-filter>
56        </activity>
57
58        <service
58-->src/main/AndroidManifest.xml:41:9-48:19
59            android:name="androidx.appcompat.app.AppLocalesMetadataHolderService"
59-->src/main/AndroidManifest.xml:42:13-82
60            android:enabled="false"
60-->src/main/AndroidManifest.xml:43:13-36
61            android:exported="false" >
61-->src/main/AndroidManifest.xml:44:13-37
62            <meta-data
62-->src/main/AndroidManifest.xml:45:13-47:40
63                android:name="autoStoreLocales"
63-->src/main/AndroidManifest.xml:46:17-48
64                android:value="true" />
64-->src/main/AndroidManifest.xml:47:17-37
65        </service>
66
67        <activity
67-->[androidx.compose.ui:ui-tooling:1.2.0-rc01] AndroidManifest.xml:24:9-26:39
68            android:name="androidx.compose.ui.tooling.PreviewActivity"
68-->[androidx.compose.ui:ui-tooling:1.2.0-rc01] AndroidManifest.xml:25:13-71
69            android:exported="true" />
69-->[androidx.compose.ui:ui-tooling:1.2.0-rc01] AndroidManifest.xml:26:13-36
70        <activity
70-->[androidx.compose.ui:ui-test-manifest:1.2.0-rc01] AndroidManifest.xml:24:9-26:39
71            android:name="androidx.activity.ComponentActivity"
71-->[androidx.compose.ui:ui-test-manifest:1.2.0-rc01] AndroidManifest.xml:25:13-63
72            android:exported="true" />
72-->[androidx.compose.ui:ui-test-manifest:1.2.0-rc01] AndroidManifest.xml:26:13-36
73
74        <provider
74-->[androidx.emoji2:emoji2:1.2.0-alpha04] AndroidManifest.xml:26:9-34:20
75            android:name="androidx.startup.InitializationProvider"
75-->[androidx.emoji2:emoji2:1.2.0-alpha04] AndroidManifest.xml:27:13-67
76            android:authorities="com.example.perapplanguages.androidx-startup"
76-->[androidx.emoji2:emoji2:1.2.0-alpha04] AndroidManifest.xml:28:13-68
77            android:exported="false" >
77-->[androidx.emoji2:emoji2:1.2.0-alpha04] AndroidManifest.xml:29:13-37
78            <meta-data
78-->[androidx.emoji2:emoji2:1.2.0-alpha04] AndroidManifest.xml:31:13-33:52
79                android:name="androidx.emoji2.text.EmojiCompatInitializer"
79-->[androidx.emoji2:emoji2:1.2.0-alpha04] AndroidManifest.xml:32:17-75
80                android:value="androidx.startup" />
80-->[androidx.emoji2:emoji2:1.2.0-alpha04] AndroidManifest.xml:33:17-49
81            <meta-data
81-->[androidx.lifecycle:lifecycle-process:2.4.1] AndroidManifest.xml:31:13-33:52
82                android:name="androidx.lifecycle.ProcessLifecycleInitializer"
82-->[androidx.lifecycle:lifecycle-process:2.4.1] AndroidManifest.xml:32:17-78
83                android:value="androidx.startup" />
83-->[androidx.lifecycle:lifecycle-process:2.4.1] AndroidManifest.xml:33:17-49
84            <meta-data
84-->[androidx.profileinstaller:profileinstaller:1.2.0] AndroidManifest.xml:30:13-32:52
85                android:name="androidx.profileinstaller.ProfileInstallerInitializer"
85-->[androidx.profileinstaller:profileinstaller:1.2.0] AndroidManifest.xml:31:17-85
86                android:value="androidx.startup" />
86-->[androidx.profileinstaller:profileinstaller:1.2.0] AndroidManifest.xml:32:17-49
87        </provider>
88
89        <receiver
89-->[androidx.profileinstaller:profileinstaller:1.2.0] AndroidManifest.xml:35:9-47:20
90            android:name="androidx.profileinstaller.ProfileInstallReceiver"
90-->[androidx.profileinstaller:profileinstaller:1.2.0] AndroidManifest.xml:36:13-76
91            android:directBootAware="false"
91-->[androidx.profileinstaller:profileinstaller:1.2.0] AndroidManifest.xml:37:13-44
92            android:enabled="true"
92-->[androidx.profileinstaller:profileinstaller:1.2.0] AndroidManifest.xml:38:13-35
93            android:exported="true"
93-->[androidx.profileinstaller:profileinstaller:1.2.0] AndroidManifest.xml:39:13-36
94            android:permission="android.permission.DUMP" >
94-->[androidx.profileinstaller:profileinstaller:1.2.0] AndroidManifest.xml:40:13-57
95            <intent-filter>
95-->[androidx.profileinstaller:profileinstaller:1.2.0] AndroidManifest.xml:41:13-43:29
96                <action android:name="androidx.profileinstaller.action.INSTALL_PROFILE" />
96-->[androidx.profileinstaller:profileinstaller:1.2.0] AndroidManifest.xml:42:17-91
96-->[androidx.profileinstaller:profileinstaller:1.2.0] AndroidManifest.xml:42:25-88
97            </intent-filter>
98            <intent-filter>
98-->[androidx.profileinstaller:profileinstaller:1.2.0] AndroidManifest.xml:44:13-46:29
99                <action android:name="androidx.profileinstaller.action.SKIP_FILE" />
99-->[androidx.profileinstaller:profileinstaller:1.2.0] AndroidManifest.xml:45:17-85
99-->[androidx.profileinstaller:profileinstaller:1.2.0] AndroidManifest.xml:45:25-82
100            </intent-filter>
101        </receiver>
102    </application>
103
104</manifest>